<?xml version="1.0" encoding="UTF-8"?>
<testng-results ignored="0" total="1" passed="1" failed="0" skipped="0">
  <reporter-output>
  </reporter-output>
  <suite started-at="2025-09-09T15:06:16 IST" name="Default suite" finished-at="2025-09-09T15:06:28 IST" duration-ms="12148">
    <groups>
    </groups>
    <test started-at="2025-09-09T15:06:16 IST" name="Default test" finished-at="2025-09-09T15:06:28 IST" duration-ms="12148">
      <class name="JavascriptExecutor_conecpt.HiddenElement_JSE">
        <test-method signature="hiddenElement()[pri:0, instance:JavascriptExecutor_conecpt.HiddenElement_JSE@44ebcd03]" started-at="2025-09-09T15:06:16 IST" name="hiddenElement" finished-at="2025-09-09T15:06:28 IST" duration-ms="12083" status="PASS">
          <reporter-output>
          </reporter-output>
        </test-method> <!-- hiddenElement -->
      </class> <!-- JavascriptExecutor_conecpt.HiddenElement_JSE -->
    </test> <!-- Default test -->
  </suite> <!-- Default suite -->
</testng-results>
