<?xml version="1.0" encoding="UTF-8"?>
<!-- Generated by org.testng.reporters.JUnitXMLReporter -->
<testsuite ignored="2" hostname="LAPTOP-LITN17IS" failures="0" tests="3" name="Test" time="73.158" errors="0" timestamp="2025-08-30T13:32:40 IST">
  <testcase classname="TestNGconcept.applicationGroupTest" name="AmazonTest" time="34.716"/>
  <testcase classname="TestNGconcept.applicationGroupTest" name="FlipkartTest" time="24.308"/>
  <testcase classname="TestNGconcept.applicationGroupTest" name="MyntraTest" time="13.957"/>
  <testcase classname="TestNGconcept.applicationGroupTest" name="ZomatoTest" time="0.0">
    <ignored/>
  </testcase> <!-- ZomatoTest -->
  <testcase classname="TestNGconcept.applicationGroupTest" name="SwiggyTest" time="0.0">
    <ignored/>
  </testcase> <!-- SwiggyTest -->
</testsuite> <!-- Test -->
